::1 - - [11/Jul/2020:03:35:17 +0000] "OPTIONS /graphql HTTP/1.1" 200 2 "http://localhost:3000/" "Mozilla/5.0 (Macintosh; Intel Mac OS X 10_15_5) AppleWebKit/537.36 (KHTML, like Gecko) Chrome/83.0.4103.116 Safari/537.36"
::1 - - [11/Jul/2020:03:35:18 +0000] "POST /graphql HTTP/1.1" 200 276 "http://localhost:3000/" "Mozilla/5.0 (Macintosh; Intel Mac OS X 10_15_5) AppleWebKit/537.36 (KHTML, like Gecko) Chrome/83.0.4103.116 Safari/537.36"
::1 - - [11/Jul/2020:03:35:18 +0000] "POST /graphql HTTP/1.1" 200 42 "http://localhost:3000/" "Mozilla/5.0 (Macintosh; Intel Mac OS X 10_15_5) AppleWebKit/537.36 (KHTML, like Gecko) Chrome/83.0.4103.116 Safari/537.36"
::1 - - [11/Jul/2020:03:35:18 +0000] "POST /graphql HTTP/1.1" 200 443 "http://localhost:3000/" "Mozilla/5.0 (Macintosh; Intel Mac OS X 10_15_5) AppleWebKit/537.36 (KHTML, like Gecko) Chrome/83.0.4103.116 Safari/537.36"
::1 - - [11/Jul/2020:03:35:21 +0000] "POST /graphql HTTP/1.1" 200 244 "http://localhost:3000/" "Mozilla/5.0 (Macintosh; Intel Mac OS X 10_15_5) AppleWebKit/537.36 (KHTML, like Gecko) Chrome/83.0.4103.116 Safari/537.36"
::1 - - [11/Jul/2020:03:35:22 +0000] "OPTIONS /graphql HTTP/1.1" 200 2 "http://localhost:3000/" "Mozilla/5.0 (Macintosh; Intel Mac OS X 10_15_5) AppleWebKit/537.36 (KHTML, like Gecko) Chrome/83.0.4103.116 Safari/537.36"
::1 - - [11/Jul/2020:03:35:22 +0000] "POST /graphql HTTP/1.1" 200 443 "http://localhost:3000/" "Mozilla/5.0 (Macintosh; Intel Mac OS X 10_15_5) AppleWebKit/537.36 (KHTML, like Gecko) Chrome/83.0.4103.116 Safari/537.36"
::1 - - [11/Jul/2020:03:35:24 +0000] "POST /graphql HTTP/1.1" 200 183 "http://localhost:3000/5f083faa2627540ed002d96e" "Mozilla/5.0 (Macintosh; Intel Mac OS X 10_15_5) AppleWebKit/537.36 (KHTML, like Gecko) Chrome/83.0.4103.116 Safari/537.36"
::1 - - [11/Jul/2020:03:35:24 +0000] "GET /images/2020-07-10T10:15:06.113Z-sup.jpg HTTP/1.1" 200 229350 "http://localhost:3000/5f083faa2627540ed002d96e" "Mozilla/5.0 (Macintosh; Intel Mac OS X 10_15_5) AppleWebKit/537.36 (KHTML, like Gecko) Chrome/83.0.4103.116 Safari/537.36"
::1 - - [11/Jul/2020:03:35:27 +0000] "POST /graphql HTTP/1.1" 200 42 "http://localhost:3000/" "Mozilla/5.0 (Macintosh; Intel Mac OS X 10_15_5) AppleWebKit/537.36 (KHTML, like Gecko) Chrome/83.0.4103.116 Safari/537.36"
::1 - - [11/Jul/2020:03:35:27 +0000] "POST /graphql HTTP/1.1" 200 443 "http://localhost:3000/" "Mozilla/5.0 (Macintosh; Intel Mac OS X 10_15_5) AppleWebKit/537.36 (KHTML, like Gecko) Chrome/83.0.4103.116 Safari/537.36"
::1 - - [11/Jul/2020:03:35:28 +0000] "OPTIONS /graphql HTTP/1.1" 200 2 "http://localhost:3000/5f083f9c2627540ed002d96c" "Mozilla/5.0 (Macintosh; Intel Mac OS X 10_15_5) AppleWebKit/537.36 (KHTML, like Gecko) Chrome/83.0.4103.116 Safari/537.36"
::1 - - [11/Jul/2020:03:35:28 +0000] "POST /graphql HTTP/1.1" 200 183 "http://localhost:3000/5f083f9c2627540ed002d96c" "Mozilla/5.0 (Macintosh; Intel Mac OS X 10_15_5) AppleWebKit/537.36 (KHTML, like Gecko) Chrome/83.0.4103.116 Safari/537.36"
::1 - - [11/Jul/2020:03:35:28 +0000] "GET /images/2020-07-10T10:14:52.497Z-welcome.png HTTP/1.1" 200 18280 "http://localhost:3000/5f083f9c2627540ed002d96c" "Mozilla/5.0 (Macintosh; Intel Mac OS X 10_15_5) AppleWebKit/537.36 (KHTML, like Gecko) Chrome/83.0.4103.116 Safari/537.36"
::1 - - [11/Jul/2020:03:35:30 +0000] "POST /graphql HTTP/1.1" 200 42 "http://localhost:3000/" "Mozilla/5.0 (Macintosh; Intel Mac OS X 10_15_5) AppleWebKit/537.36 (KHTML, like Gecko) Chrome/83.0.4103.116 Safari/537.36"
::1 - - [11/Jul/2020:03:35:30 +0000] "POST /graphql HTTP/1.1" 200 443 "http://localhost:3000/" "Mozilla/5.0 (Macintosh; Intel Mac OS X 10_15_5) AppleWebKit/537.36 (KHTML, like Gecko) Chrome/83.0.4103.116 Safari/537.36"
::1 - - [11/Jul/2020:03:35:31 +0000] "POST /graphql HTTP/1.1" 200 244 "http://localhost:3000/" "Mozilla/5.0 (Macintosh; Intel Mac OS X 10_15_5) AppleWebKit/537.36 (KHTML, like Gecko) Chrome/83.0.4103.116 Safari/537.36"
::1 - - [11/Jul/2020:03:35:33 +0000] "OPTIONS /graphql HTTP/1.1" 200 2 "http://localhost:3000/5f080e01752b620bf4f5ba47" "Mozilla/5.0 (Macintosh; Intel Mac OS X 10_15_5) AppleWebKit/537.36 (KHTML, like Gecko) Chrome/83.0.4103.116 Safari/537.36"
::1 - - [11/Jul/2020:03:35:33 +0000] "POST /graphql HTTP/1.1" 200 183 "http://localhost:3000/5f080e01752b620bf4f5ba47" "Mozilla/5.0 (Macintosh; Intel Mac OS X 10_15_5) AppleWebKit/537.36 (KHTML, like Gecko) Chrome/83.0.4103.116 Safari/537.36"
::1 - - [11/Jul/2020:03:35:34 +0000] "GET /images/2020-07-10T06:43:13.553Z-welcome.png HTTP/1.1" 200 18280 "http://localhost:3000/5f080e01752b620bf4f5ba47" "Mozilla/5.0 (Macintosh; Intel Mac OS X 10_15_5) AppleWebKit/537.36 (KHTML, like Gecko) Chrome/83.0.4103.116 Safari/537.36"
::1 - - [11/Jul/2020:03:35:35 +0000] "POST /graphql HTTP/1.1" 200 42 "http://localhost:3000/" "Mozilla/5.0 (Macintosh; Intel Mac OS X 10_15_5) AppleWebKit/537.36 (KHTML, like Gecko) Chrome/83.0.4103.116 Safari/537.36"
::1 - - [11/Jul/2020:03:35:36 +0000] "POST /graphql HTTP/1.1" 200 443 "http://localhost:3000/" "Mozilla/5.0 (Macintosh; Intel Mac OS X 10_15_5) AppleWebKit/537.36 (KHTML, like Gecko) Chrome/83.0.4103.116 Safari/537.36"
::1 - - [11/Jul/2020:03:35:39 +0000] "OPTIONS /graphql HTTP/1.1" 200 2 "http://localhost:3000/5f083f9c2627540ed002d96c" "Mozilla/5.0 (Macintosh; Intel Mac OS X 10_15_5) AppleWebKit/537.36 (KHTML, like Gecko) Chrome/83.0.4103.116 Safari/537.36"
::1 - - [11/Jul/2020:03:35:39 +0000] "POST /graphql HTTP/1.1" 200 183 "http://localhost:3000/5f083f9c2627540ed002d96c" "Mozilla/5.0 (Macintosh; Intel Mac OS X 10_15_5) AppleWebKit/537.36 (KHTML, like Gecko) Chrome/83.0.4103.116 Safari/537.36"
::1 - - [11/Jul/2020:03:35:50 +0000] "OPTIONS /graphql HTTP/1.1" 200 2 "http://localhost:3000/" "Mozilla/5.0 (Macintosh; Intel Mac OS X 10_15_5) AppleWebKit/537.36 (KHTML, like Gecko) Chrome/83.0.4103.116 Safari/537.36"
::1 - - [11/Jul/2020:03:35:50 +0000] "OPTIONS /graphql HTTP/1.1" 200 2 "http://localhost:3000/" "Mozilla/5.0 (Macintosh; Intel Mac OS X 10_15_5) AppleWebKit/537.36 (KHTML, like Gecko) Chrome/83.0.4103.116 Safari/537.36"
::1 - - [11/Jul/2020:03:35:50 +0000] "POST /graphql HTTP/1.1" 200 42 "http://localhost:3000/" "Mozilla/5.0 (Macintosh; Intel Mac OS X 10_15_5) AppleWebKit/537.36 (KHTML, like Gecko) Chrome/83.0.4103.116 Safari/537.36"
::1 - - [11/Jul/2020:03:35:51 +0000] "POST /graphql HTTP/1.1" 200 443 "http://localhost:3000/" "Mozilla/5.0 (Macintosh; Intel Mac OS X 10_15_5) AppleWebKit/537.36 (KHTML, like Gecko) Chrome/83.0.4103.116 Safari/537.36"
::1 - - [11/Jul/2020:03:35:54 +0000] "POST /graphql HTTP/1.1" 200 28 "http://localhost:3000/" "Mozilla/5.0 (Macintosh; Intel Mac OS X 10_15_5) AppleWebKit/537.36 (KHTML, like Gecko) Chrome/83.0.4103.116 Safari/537.36"
::1 - - [11/Jul/2020:03:35:54 +0000] "POST /graphql HTTP/1.1" 200 443 "http://localhost:3000/" "Mozilla/5.0 (Macintosh; Intel Mac OS X 10_15_5) AppleWebKit/537.36 (KHTML, like Gecko) Chrome/83.0.4103.116 Safari/537.36"
::1 - - [11/Jul/2020:03:36:13 +0000] "OPTIONS /graphql HTTP/1.1" 200 2 "http://localhost:3000/" "Mozilla/5.0 (Macintosh; Intel Mac OS X 10_15_5) AppleWebKit/537.36 (KHTML, like Gecko) Chrome/83.0.4103.116 Safari/537.36"
::1 - - [11/Jul/2020:03:36:13 +0000] "POST /graphql HTTP/1.1" 200 47 "http://localhost:3000/" "Mozilla/5.0 (Macintosh; Intel Mac OS X 10_15_5) AppleWebKit/537.36 (KHTML, like Gecko) Chrome/83.0.4103.116 Safari/537.36"
::1 - - [11/Jul/2020:03:36:15 +0000] "POST /graphql HTTP/1.1" 200 39 "http://localhost:3000/" "Mozilla/5.0 (Macintosh; Intel Mac OS X 10_15_5) AppleWebKit/537.36 (KHTML, like Gecko) Chrome/83.0.4103.116 Safari/537.36"
::1 - - [11/Jul/2020:03:36:15 +0000] "POST /graphql HTTP/1.1" 200 443 "http://localhost:3000/" "Mozilla/5.0 (Macintosh; Intel Mac OS X 10_15_5) AppleWebKit/537.36 (KHTML, like Gecko) Chrome/83.0.4103.116 Safari/537.36"
::1 - - [11/Jul/2020:03:36:27 +0000] "OPTIONS /post-image HTTP/1.1" 200 2 "http://localhost:3000/" "Mozilla/5.0 (Macintosh; Intel Mac OS X 10_15_5) AppleWebKit/537.36 (KHTML, like Gecko) Chrome/83.0.4103.116 Safari/537.36"
::1 - - [11/Jul/2020:03:36:27 +0000] "PUT /post-image HTTP/1.1" 200 31 "http://localhost:3000/" "Mozilla/5.0 (Macintosh; Intel Mac OS X 10_15_5) AppleWebKit/537.36 (KHTML, like Gecko) Chrome/83.0.4103.116 Safari/537.36"
::1 - - [11/Jul/2020:03:36:27 +0000] "OPTIONS /graphql HTTP/1.1" 200 2 "http://localhost:3000/" "Mozilla/5.0 (Macintosh; Intel Mac OS X 10_15_5) AppleWebKit/537.36 (KHTML, like Gecko) Chrome/83.0.4103.116 Safari/537.36"
::1 - - [11/Jul/2020:03:36:27 +0000] "POST /graphql HTTP/1.1" 200 222 "http://localhost:3000/" "Mozilla/5.0 (Macintosh; Intel Mac OS X 10_15_5) AppleWebKit/537.36 (KHTML, like Gecko) Chrome/83.0.4103.116 Safari/537.36"
::1 - - [11/Jul/2020:03:36:30 +0000] "POST /graphql HTTP/1.1" 200 183 "http://localhost:3000/5f083faa2627540ed002d96e" "Mozilla/5.0 (Macintosh; Intel Mac OS X 10_15_5) AppleWebKit/537.36 (KHTML, like Gecko) Chrome/83.0.4103.116 Safari/537.36"
::1 - - [11/Jul/2020:03:36:30 +0000] "GET /images/2020-07-10T10:15:06.113Z-sup.jpg HTTP/1.1" 304 - "http://localhost:3000/5f083faa2627540ed002d96e" "Mozilla/5.0 (Macintosh; Intel Mac OS X 10_15_5) AppleWebKit/537.36 (KHTML, like Gecko) Chrome/83.0.4103.116 Safari/537.36"
::1 - - [11/Jul/2020:03:36:32 +0000] "POST /graphql HTTP/1.1" 200 39 "http://localhost:3000/" "Mozilla/5.0 (Macintosh; Intel Mac OS X 10_15_5) AppleWebKit/537.36 (KHTML, like Gecko) Chrome/83.0.4103.116 Safari/537.36"
::1 - - [11/Jul/2020:03:36:32 +0000] "POST /graphql HTTP/1.1" 200 443 "http://localhost:3000/" "Mozilla/5.0 (Macintosh; Intel Mac OS X 10_15_5) AppleWebKit/537.36 (KHTML, like Gecko) Chrome/83.0.4103.116 Safari/537.36"
::1 - - [11/Jul/2020:03:36:52 +0000] "OPTIONS /post-image HTTP/1.1" 200 2 "http://localhost:3000/" "Mozilla/5.0 (Macintosh; Intel Mac OS X 10_15_5) AppleWebKit/537.36 (KHTML, like Gecko) Chrome/83.0.4103.116 Safari/537.36"
::1 - - [11/Jul/2020:03:36:52 +0000] "PUT /post-image HTTP/1.1" 201 86 "http://localhost:3000/" "Mozilla/5.0 (Macintosh; Intel Mac OS X 10_15_5) AppleWebKit/537.36 (KHTML, like Gecko) Chrome/83.0.4103.116 Safari/537.36"
::1 - - [11/Jul/2020:03:36:52 +0000] "OPTIONS /graphql HTTP/1.1" 200 2 "http://localhost:3000/" "Mozilla/5.0 (Macintosh; Intel Mac OS X 10_15_5) AppleWebKit/537.36 (KHTML, like Gecko) Chrome/83.0.4103.116 Safari/537.36"
::1 - - [11/Jul/2020:03:36:52 +0000] "POST /graphql HTTP/1.1" 200 221 "http://localhost:3000/" "Mozilla/5.0 (Macintosh; Intel Mac OS X 10_15_5) AppleWebKit/537.36 (KHTML, like Gecko) Chrome/83.0.4103.116 Safari/537.36"
::1 - - [11/Jul/2020:03:36:55 +0000] "POST /graphql HTTP/1.1" 200 244 "http://localhost:3000/" "Mozilla/5.0 (Macintosh; Intel Mac OS X 10_15_5) AppleWebKit/537.36 (KHTML, like Gecko) Chrome/83.0.4103.116 Safari/537.36"
::1 - - [11/Jul/2020:03:36:56 +0000] "POST /graphql HTTP/1.1" 200 451 "http://localhost:3000/" "Mozilla/5.0 (Macintosh; Intel Mac OS X 10_15_5) AppleWebKit/537.36 (KHTML, like Gecko) Chrome/83.0.4103.116 Safari/537.36"
::1 - - [11/Jul/2020:03:36:59 +0000] "OPTIONS /graphql HTTP/1.1" 200 2 "http://localhost:3000/5f0933d4005884041274a883" "Mozilla/5.0 (Macintosh; Intel Mac OS X 10_15_5) AppleWebKit/537.36 (KHTML, like Gecko) Chrome/83.0.4103.116 Safari/537.36"
::1 - - [11/Jul/2020:03:37:00 +0000] "POST /graphql HTTP/1.1" 200 191 "http://localhost:3000/5f0933d4005884041274a883" "Mozilla/5.0 (Macintosh; Intel Mac OS X 10_15_5) AppleWebKit/537.36 (KHTML, like Gecko) Chrome/83.0.4103.116 Safari/537.36"
::1 - - [11/Jul/2020:03:37:00 +0000] "GET /images/2020-07-11T03:36:52.152Z-driving_pin.png HTTP/1.1" 200 5311 "http://localhost:3000/5f0933d4005884041274a883" "Mozilla/5.0 (Macintosh; Intel Mac OS X 10_15_5) AppleWebKit/537.36 (KHTML, like Gecko) Chrome/83.0.4103.116 Safari/537.36"
::1 - - [11/Jul/2020:03:37:02 +0000] "POST /graphql HTTP/1.1" 200 39 "http://localhost:3000/" "Mozilla/5.0 (Macintosh; Intel Mac OS X 10_15_5) AppleWebKit/537.36 (KHTML, like Gecko) Chrome/83.0.4103.116 Safari/537.36"
::1 - - [11/Jul/2020:03:37:02 +0000] "POST /graphql HTTP/1.1" 200 451 "http://localhost:3000/" "Mozilla/5.0 (Macintosh; Intel Mac OS X 10_15_5) AppleWebKit/537.36 (KHTML, like Gecko) Chrome/83.0.4103.116 Safari/537.36"
